#
# There is insufficient memory for the Java Runtime Environment to continue.
# Native memory allocation (malloc) failed to allocate 407056 bytes for Chunk::new
# Possible reasons:
#   The system is out of physical RAM or swap space
#   In 32 bit mode, the process size limit was hit
# Possible solutions:
#   Reduce memory load on the system
#   Increase physical memory or swap space
#   Check if swap backing store is full
#   Use 64 bit Java on a 64 bit OS
#   Decrease Java heap size (-Xmx/-Xms)
#   Decrease number of Java threads
#   Decrease Java thread stack sizes (-Xss)
#   Set larger code cache with -XX:ReservedCodeCacheSize=
# This output file may be truncated or incomplete.
#
#  Out of Memory Error (allocation.cpp:390), pid=25112, tid=0x0000000000005334
#
# JRE version: Java(TM) SE Runtime Environment (8.0_171-b11) (build 1.8.0_171-b11)
# Java VM: Java HotSpot(TM) 64-Bit Server VM (25.171-b11 mixed mode windows-amd64 compressed oops)
# Failed to write core dump. Minidumps are not enabled by default on client versions of Windows
#

---------------  T H R E A D  ---------------

Current thread (0x0000000017d06800):  JavaThread "C2 CompilerThread1" daemon [_thread_in_native, id=21300, stack(0x0000000019450000,0x0000000019550000)]

Stack: [0x0000000019450000,0x0000000019550000]
[error occurred during error reporting (printing stack bounds), id 0xc0000005]

Native frames: (J=compiled Java code, j=interpreted, Vv=VM code, C=native code)


Current CompileTask:
C2:  19612 2693   !   4       javax.swing.JComponent::paintChildren (669 bytes)


---------------  P R O C E S S  ---------------

Java Threads: ( => current thread )
  0x000000001a433000 JavaThread "Thread-50" [_thread_blocked, id=17920, stack(0x0000000030fc0000,0x00000000310c0000)]
  0x000000001a438800 JavaThread "Thread-49" [_thread_blocked, id=13036, stack(0x0000000030ec0000,0x0000000030fc0000)]
  0x000000001a2c6000 JavaThread "Timer-1" daemon [_thread_blocked, id=67808, stack(0x000000002c020000,0x000000002c120000)]
  0x000000001a2c1800 JavaThread "Thread-20" [_thread_in_Java, id=17444, stack(0x000000002be20000,0x000000002bf20000)]
  0x000000001a2c5800 JavaThread "Media Resource Disposer" daemon [_thread_blocked, id=57352, stack(0x000000002b620000,0x000000002b720000)]
  0x000000001a2c4000 JavaThread "JFXMedia Player EventQueueThread" daemon [_thread_blocked, id=44364, stack(0x000000002b020000,0x000000002b120000)]
  0x000000001a2c4800 JavaThread "TimerQueue" daemon [_thread_blocked, id=62112, stack(0x000000002a110000,0x000000002a210000)]
  0x000000001a2c3000 JavaThread "D3D Screen Updater" daemon [_thread_blocked, id=57316, stack(0x000000002a010000,0x000000002a110000)]
  0x000000001a2c1000 JavaThread "DestroyJavaVM" [_thread_blocked, id=16252, stack(0x0000000002ec0000,0x0000000002fc0000)]
  0x000000001a2c2800 JavaThread "AWT-EventQueue-0" [_thread_in_Java, id=41916, stack(0x0000000029130000,0x0000000029230000)]
  0x000000001a2c0000 JavaThread "Image Fetcher 3" daemon [_thread_blocked, id=61912, stack(0x0000000027f60000,0x0000000028060000)]
  0x0000000026522800 JavaThread "Image Fetcher 2" daemon [_thread_blocked, id=63508, stack(0x0000000027e60000,0x0000000027f60000)]
  0x0000000019f07000 JavaThread "Image Fetcher 1" daemon [_thread_in_vm, id=67776, stack(0x0000000027d60000,0x0000000027e60000)]
  0x0000000019e72800 JavaThread "Thread-3" daemon [_thread_in_native, id=7604, stack(0x0000000025ba0000,0x0000000025ca0000)]
  0x0000000019e9f800 JavaThread "Image Fetcher 0" daemon [_thread_in_Java, id=51532, stack(0x0000000025ca0000,0x0000000025da0000)]
  0x0000000019e46800 JavaThread "JavaFX Application Thread" [_thread_in_native, id=18904, stack(0x000000001b4d0000,0x000000001b5d0000)]
  0x0000000019e38800 JavaThread "Thread-2" daemon [_thread_blocked, id=38512, stack(0x000000001b3d0000,0x000000001b4d0000)]
  0x0000000019e29000 JavaThread "QuantumRenderer-0" daemon [_thread_blocked, id=22188, stack(0x000000001ab40000,0x000000001ac40000)]
  0x0000000019da6800 JavaThread "AWT-Windows" daemon [_thread_in_native, id=79552, stack(0x000000001a790000,0x000000001a890000)]
  0x0000000019da3800 JavaThread "AWT-Shutdown" [_thread_blocked, id=16380, stack(0x000000001a690000,0x000000001a790000)]
  0x0000000019da1000 JavaThread "Java2D Disposer" daemon [_thread_blocked, id=6468, stack(0x000000001a590000,0x000000001a690000)]
  0x0000000019678800 JavaThread "Service Thread" daemon [_thread_blocked, id=11808, stack(0x0000000019a50000,0x0000000019b50000)]
  0x0000000017d24000 JavaThread "C1 CompilerThread2" daemon [_thread_blocked, id=22368, stack(0x0000000019550000,0x0000000019650000)]
=>0x0000000017d06800 JavaThread "C2 CompilerThread1" daemon [_thread_in_native, id=21300, stack(0x0000000019450000,0x0000000019550000)]
  0x0000000017cfd000 JavaThread "C2 CompilerThread0" daemon [_thread_blocked, id=19904, stack(0x0000000019350000,0x0000000019450000)]
  0x0000000017cfb800 JavaThread "Attach Listener" daemon [_thread_blocked, id=11092, stack(0x0000000019250000,0x0000000019350000)]
  0x0000000017cfa000 JavaThread "Signal Dispatcher" daemon [_thread_blocked, id=15120, stack(0x0000000019150000,0x0000000019250000)]
  0x000000000316d800 JavaThread "Finalizer" daemon [_thread_blocked, id=20184, stack(0x0000000018f60000,0x0000000019060000)]
  0x0000000003162000 JavaThread "Reference Handler" daemon [_thread_blocked, id=18780, stack(0x0000000018e60000,0x0000000018f60000)]

Other Threads:
  0x0000000017cc7800 VMThread [stack: 0x0000000018d60000,0x0000000018e60000] [id=18384]
  0x0000000019699800 WatcherThread [stack: 0x0000000019b50000,0x0000000019c50000] [id=18084]

VM state:not at safepoint (normal execution)

VM Mutex/Monitor currently owned by a thread:  ([mutex/lock_event])
[0x000000000302cf30] Threads_lock - owner thread: 0x0000000019f07000

Heap:
 PSYoungGen      total 38400K, used 37867K [0x00000000d5b00000, 0x00000000d8580000, 0x0000000100000000)
  eden space 33280K, 98% used [0x00000000d5b00000,0x00000000d7afc470,0x00000000d7b80000)
  from space 5120K, 99% used [0x00000000d7b80000,0x00000000d807eb08,0x00000000d8080000)
  to   space 5120K, 0% used [0x00000000d8080000,0x00000000d8080000,0x00000000d8580000)
 ParOldGen       total 87552K, used 7828K [0x0000000081000000, 0x0000000086580000, 0x00000000d5b00000)
  object space 87552K, 8% used [0x0000000081000000,0x00000000817a51a8,0x0000000086580000)
 Metaspace       used 15792K, capacity 16222K, committed 16384K, reserved 1062912K
  class space    used 1889K, capacity 2020K, committed 2048K, reserved 1048576K

Card table byte_map: [0x0000000012530000,0x0000000012930000] byte_map_base: 0x0000000012128000

Marking Bits: (ParMarkBitMap*) 0x0000000060cd08c0
 Begin Bits: [0x0000000012fe0000, 0x0000000014fa0000)
 End Bits:   [0x0000000014fa0000, 0x0000000016f60000)

Polling page: 0x0000000001560000

CodeCache: size=245760Kb used=8625Kb max_used=8638Kb free=237134Kb
 bounds [0x0000000003170000, 0x00000000039f0000, 0x0000000012170000]
 total_blobs=3052 nmethods=2462 adapters=502
 compilation: enabled

Compilation events (10 events):
Event: 19.354 Thread 0x0000000017cfd000 nmethod 2689 0x00000000033b9390 code [0x00000000033b94c0, 0x00000000033b9578]
Event: 19.358 Thread 0x0000000017d06800 2690 %     4       java.io.WinNTFileSystem::normalize @ 61 (231 bytes)
Event: 19.377 Thread 0x0000000017d06800 nmethod 2690% 0x00000000039e63d0 code [0x00000000039e65c0, 0x00000000039e7fb0]
Event: 19.529 Thread 0x0000000017cfd000 2691       4       sun.awt.image.PixelConverter$ArgbPre::rgbToPixel (100 bytes)
Event: 19.530 Thread 0x0000000017cfd000 nmethod 2691 0x0000000003532410 code [0x0000000003532540, 0x0000000003532618]
Event: 19.580 Thread 0x0000000017d06800 2693   !   4       javax.swing.JComponent::paintChildren (669 bytes)
Event: 19.580 Thread 0x0000000017cfd000 2692   !   4       javax.swing.JComponent::paint (409 bytes)
Event: 19.601 Thread 0x0000000017cfd000 nmethod 2692 0x00000000039e8f50 code [0x00000000039e91a0, 0x00000000039ea310]
Event: 19.601 Thread 0x0000000017cfd000 2694   !   4       javax.swing.JComponent::paintComponent (44 bytes)
Event: 19.604 Thread 0x0000000017cfd000 nmethod 2694 0x0000000003748f50 code [0x00000000037490c0, 0x0000000003749428]

GC Heap History (6 events):
Event: 0.888 GC heap before
{Heap before GC invocations=1 (full 0):
 PSYoungGen      total 38400K, used 33280K [0x00000000d5b00000, 0x00000000d8580000, 0x0000000100000000)
  eden space 33280K, 100% used [0x00000000d5b00000,0x00000000d7b80000,0x00000000d7b80000)
  from space 5120K, 0% used [0x00000000d8080000,0x00000000d8080000,0x00000000d8580000)
  to   space 5120K, 0% used [0x00000000d7b80000,0x00000000d7b80000,0x00000000d8080000)
 ParOldGen       total 87552K, used 0K [0x0000000081000000, 0x0000000086580000, 0x00000000d5b00000)
  object space 87552K, 0% used [0x0000000081000000,0x0000000081000000,0x0000000086580000)
 Metaspace       used 11204K, capacity 11586K, committed 11776K, reserved 1058816K
  class space    used 1286K, capacity 1414K, committed 1536K, reserved 1048576K
Event: 0.895 GC heap after
Heap after GC invocations=1 (full 0):
 PSYoungGen      total 38400K, used 5111K [0x00000000d5b00000, 0x00000000d8580000, 0x0000000100000000)
  eden space 33280K, 0% used [0x00000000d5b00000,0x00000000d5b00000,0x00000000d7b80000)
  from space 5120K, 99% used [0x00000000d7b80000,0x00000000d807df50,0x00000000d8080000)
  to   space 5120K, 0% used [0x00000000d8080000,0x00000000d8080000,0x00000000d8580000)
 ParOldGen       total 87552K, used 2891K [0x0000000081000000, 0x0000000086580000, 0x00000000d5b00000)
  object space 87552K, 3% used [0x0000000081000000,0x00000000812d2d00,0x0000000086580000)
 Metaspace       used 11204K, capacity 11586K, committed 11776K, reserved 1058816K
  class space    used 1286K, capacity 1414K, committed 1536K, reserved 1048576K
}
Event: 8.360 GC heap before
{Heap before GC invocations=2 (full 0):
 PSYoungGen      total 38400K, used 38391K [0x00000000d5b00000, 0x00000000d8580000, 0x0000000100000000)
  eden space 33280K, 100% used [0x00000000d5b00000,0x00000000d7b80000,0x00000000d7b80000)
  from space 5120K, 99% used [0x00000000d7b80000,0x00000000d807df50,0x00000000d8080000)
  to   space 5120K, 0% used [0x00000000d8080000,0x00000000d8080000,0x00000000d8580000)
 ParOldGen       total 87552K, used 2891K [0x0000000081000000, 0x0000000086580000, 0x00000000d5b00000)
  object space 87552K, 3% used [0x0000000081000000,0x00000000812d2d00,0x0000000086580000)
 Metaspace       used 15467K, capacity 15902K, committed 16128K, reserved 1062912K
  class space    used 1888K, capacity 2020K, committed 2048K, reserved 1048576K
Event: 8.364 GC heap after
Heap after GC invocations=2 (full 0):
 PSYoungGen      total 38400K, used 5114K [0x00000000d5b00000, 0x00000000d8580000, 0x0000000100000000)
  eden space 33280K, 0% used [0x00000000d5b00000,0x00000000d5b00000,0x00000000d7b80000)
  from space 5120K, 99% used [0x00000000d8080000,0x00000000d857eba0,0x00000000d8580000)
  to   space 5120K, 0% used [0x00000000d7b80000,0x00000000d7b80000,0x00000000d8080000)
 ParOldGen       total 87552K, used 7426K [0x0000000081000000, 0x0000000086580000, 0x00000000d5b00000)
  object space 87552K, 8% used [0x0000000081000000,0x0000000081740810,0x0000000086580000)
 Metaspace       used 15467K, capacity 15902K, committed 16128K, reserved 1062912K
  class space    used 1888K, capacity 2020K, committed 2048K, reserved 1048576K
}
Event: 15.469 GC heap before
{Heap before GC invocations=3 (full 0):
 PSYoungGen      total 38400K, used 38394K [0x00000000d5b00000, 0x00000000d8580000, 0x0000000100000000)
  eden space 33280K, 100% used [0x00000000d5b00000,0x00000000d7b80000,0x00000000d7b80000)
  from space 5120K, 99% used [0x00000000d8080000,0x00000000d857eba0,0x00000000d8580000)
  to   space 5120K, 0% used [0x00000000d7b80000,0x00000000d7b80000,0x00000000d8080000)
 ParOldGen       total 87552K, used 7426K [0x0000000081000000, 0x0000000086580000, 0x00000000d5b00000)
  object space 87552K, 8% used [0x0000000081000000,0x0000000081740810,0x0000000086580000)
 Metaspace       used 15710K, capacity 16158K, committed 16384K, reserved 1062912K
  class space    used 1889K, capacity 2020K, committed 2048K, reserved 1048576K
Event: 15.472 GC heap after
Heap after GC invocations=3 (full 0):
 PSYoungGen      total 38400K, used 5114K [0x00000000d5b00000, 0x00000000d8580000, 0x0000000100000000)
  eden space 33280K, 0% used [0x00000000d5b00000,0x00000000d5b00000,0x00000000d7b80000)
  from space 5120K, 99% used [0x00000000d7b80000,0x00000000d807eb08,0x00000000d8080000)
  to   space 5120K, 0% used [0x00000000d8080000,0x00000000d8080000,0x00000000d8580000)
 ParOldGen       total 87552K, used 7828K [0x0000000081000000, 0x0000000086580000, 0x00000000d5b00000)
  object space 87552K, 8% used [0x0000000081000000,0x00000000817a51a8,0x0000000086580000)
 Metaspace       used 15710K, capacity 16158K, committed 16384K, reserved 1062912K
  class space    used 1889K, capacity 2020K, committed 2048K, reserved 1048576K
}

Deoptimization events (10 events):
Event: 2.314 Thread 0x000000001a2c2800 Uncommon trap: reason=unstable_if action=reinterpret pc=0x0000000003604ad4 method=java.awt.Component.inside(II)Z @ 1
Event: 2.895 Thread 0x000000001a2c2800 Uncommon trap: reason=unstable_if action=reinterpret pc=0x0000000003440348 method=java.util.HashMap.putVal(ILjava/lang/Object;Ljava/lang/Object;ZZ)Ljava/lang/Object; @ 162
Event: 2.896 Thread 0x000000001a2c2800 Uncommon trap: reason=unstable_if action=reinterpret pc=0x00000000034d658c method=java.util.HashMap.resize()[Ljava/util/HashMap$Node; @ 206
Event: 2.896 Thread 0x000000001a2c2800 Uncommon trap: reason=unstable_if action=reinterpret pc=0x00000000035939a0 method=java.util.HashMap.getNode(ILjava/lang/Object;)Ljava/util/HashMap$Node; @ 84
Event: 2.901 Thread 0x000000001a2c2800 Uncommon trap: reason=unstable_if action=reinterpret pc=0x0000000003445c38 method=java.util.HashMap.getNode(ILjava/lang/Object;)Ljava/util/HashMap$Node; @ 84
Event: 4.560 Thread 0x000000001a2c1800 Uncommon trap: reason=unstable_if action=reinterpret pc=0x0000000003738a68 method=game.run()V @ 104
Event: 4.574 Thread 0x000000001a2bf800 Uncommon trap: reason=unstable_if action=reinterpret pc=0x00000000037487a8 method=GUIGameplay$note.run()V @ 190
Event: 5.614 Thread 0x000000001a2bf800 Uncommon trap: reason=unreached action=reinterpret pc=0x0000000003748f30 method=GUIGameplay$note.run()V @ 216
Event: 5.783 Thread 0x000000001a4bc000 Uncommon trap: reason=unstable_if action=reinterpret pc=0x000000000327f060 method=GUIGameplay$judgement.run()V @ 90
Event: 5.812 Thread 0x000000001a2bf800 Uncommon trap: reason=unstable_if action=reinterpret pc=0x00000000032823a0 method=GUIGameplay$note.run()V @ 216

Classes redefined (0 events):
No events

Internal exceptions (10 events):
Event: 0.552 Thread 0x000000000302e000 Exception <a 'java/io/FileNotFoundException'> (0x00000000d6a8cec0) thrown at [C:\re\workspace\8-2-build-windows-amd64-cygwin\jdk8u171\10807\hotspot\src\share\vm\prims\jni.cpp, line 709]
Event: 0.554 Thread 0x000000000302e000 Exception <a 'java/io/FileNotFoundException'> (0x00000000d6a94ee0) thrown at [C:\re\workspace\8-2-build-windows-amd64-cygwin\jdk8u171\10807\hotspot\src\share\vm\prims\jni.cpp, line 709]
Event: 0.554 Thread 0x000000000302e000 Exception <a 'java/io/FileNotFoundException'> (0x00000000d6a99bf0) thrown at [C:\re\workspace\8-2-build-windows-amd64-cygwin\jdk8u171\10807\hotspot\src\share\vm\prims\jni.cpp, line 709]
Event: 0.555 Thread 0x000000000302e000 Exception <a 'java/io/FileNotFoundException'> (0x00000000d6a9bce0) thrown at [C:\re\workspace\8-2-build-windows-amd64-cygwin\jdk8u171\10807\hotspot\src\share\vm\prims\jni.cpp, line 709]
Event: 0.555 Thread 0x000000000302e000 Exception <a 'java/io/FileNotFoundException'> (0x00000000d6a9f3b0) thrown at [C:\re\workspace\8-2-build-windows-amd64-cygwin\jdk8u171\10807\hotspot\src\share\vm\prims\jni.cpp, line 709]
Event: 0.556 Thread 0x000000000302e000 Exception <a 'java/io/FileNotFoundException'> (0x00000000d6aa5fc8) thrown at [C:\re\workspace\8-2-build-windows-amd64-cygwin\jdk8u171\10807\hotspot\src\share\vm\prims\jni.cpp, line 709]
Event: 0.828 Thread 0x0000000019f07000 Implicit null exception at 0x0000000003494fa5 to 0x000000000349504d
Event: 0.861 Thread 0x000000000302e000 Implicit null exception at 0x00000000034c3118 to 0x00000000034c31a6
Event: 0.863 Thread 0x000000000302e000 Implicit null exception at 0x0000000003403cef to 0x0000000003403d59
Event: 2.870 Thread 0x000000001a2c4000 Exception <a 'java/lang/NullPointerException'> (0x00000000d648c648) thrown at [C:\re\workspace\8-2-build-windows-amd64-cygwin\jdk8u171\10807\hotspot\src\share\vm\interpreter\linkResolver.cpp, line 1185]

Events (10 events):
Event: 19.209 Executing VM operation: RevokeBias done
Event: 19.209 Executing VM operation: RevokeBias
Event: 19.209 Executing VM operation: RevokeBias done
Event: 19.209 Executing VM operation: RevokeBias
Event: 19.209 Executing VM operation: RevokeBias done
Event: 19.259 Thread 0x000000001a439000 Thread added: 0x000000001a439000
Event: 19.259 Thread 0x000000001a439000 Thread exited: 0x000000001a439000
Event: 19.259 Thread 0x000000001a43a800 Thread added: 0x000000001a43a800
Event: 19.259 Thread 0x000000001a43a800 Thread exited: 0x000000001a43a800
Event: 19.530 Thread 0x0000000017cfd000 flushing nmethod 0x0000000003748910


Dynamic libraries:
0x00007ff75bd30000 - 0x00007ff75bd67000 	C:\Program Files\Java\jre1.8.0_171\bin\javaw.exe
0x00007ffbac750000 - 0x00007ffbac931000 	C:\WINDOWS\SYSTEM32\ntdll.dll
0x00007ffba2e60000 - 0x00007ffba2e94000 	C:\Program Files\AVAST Software\Avast\x64\aswhooka.dll
0x00007ffbab370000 - 0x00007ffbab422000 	C:\WINDOWS\System32\KERNEL32.DLL
0x00007ffba9000000 - 0x00007ffba9273000 	C:\WINDOWS\System32\KERNELBASE.dll
0x00007ffbab590000 - 0x00007ffbab631000 	C:\WINDOWS\System32\ADVAPI32.dll
0x00007ffba9c10000 - 0x00007ffba9cae000 	C:\WINDOWS\System32\msvcrt.dll
0x00007ffbac6c0000 - 0x00007ffbac71b000 	C:\WINDOWS\System32\sechost.dll
0x00007ffbab900000 - 0x00007ffbaba24000 	C:\WINDOWS\System32\RPCRT4.dll
0x00007ffbac1a0000 - 0x00007ffbac330000 	C:\WINDOWS\System32\USER32.dll
0x00007ffba8ba0000 - 0x00007ffba8bc0000 	C:\WINDOWS\System32\win32u.dll
0x00007ffba9be0000 - 0x00007ffba9c08000 	C:\WINDOWS\System32\GDI32.dll
0x00007ffba9280000 - 0x00007ffba9412000 	C:\WINDOWS\System32\gdi32full.dll
0x00007ffba8d70000 - 0x00007ffba8e0f000 	C:\WINDOWS\System32\msvcp_win.dll
0x00007ffba8bc0000 - 0x00007ffba8cba000 	C:\WINDOWS\System32\ucrtbase.dll
0x00007ffb94a40000 - 0x00007ffb94ca9000 	C:\WINDOWS\WinSxS\amd64_microsoft.windows.common-controls_6595b64144ccf1df_6.0.17134.48_none_b4b2216a3cb4dd3e\COMCTL32.dll
0x00007ffbac330000 - 0x00007ffbac653000 	C:\WINDOWS\System32\combase.dll
0x00007ffba8b20000 - 0x00007ffba8b9a000 	C:\WINDOWS\System32\bcryptPrimitives.dll
0x00007ffbabd20000 - 0x00007ffbabd4d000 	C:\WINDOWS\System32\IMM32.DLL
0x00000000603d0000 - 0x00000000604a2000 	C:\Program Files\Java\jre1.8.0_171\bin\msvcr100.dll
0x00000000604b0000 - 0x0000000060d50000 	C:\Program Files\Java\jre1.8.0_171\bin\server\jvm.dll
0x00007ffbab650000 - 0x00007ffbab658000 	C:\WINDOWS\System32\PSAPI.DLL
0x00007ffb98160000 - 0x00007ffb98169000 	C:\WINDOWS\SYSTEM32\WSOCK32.dll
0x00007ffbab500000 - 0x00007ffbab56c000 	C:\WINDOWS\System32\WS2_32.dll
0x00007ffba58d0000 - 0x00007ffba58f3000 	C:\WINDOWS\SYSTEM32\WINMM.dll
0x00007ffba2db0000 - 0x00007ffba2dba000 	C:\WINDOWS\SYSTEM32\VERSION.dll
0x00007ffba5740000 - 0x00007ffba576a000 	C:\WINDOWS\SYSTEM32\WINMMBASE.dll
0x00007ffba9420000 - 0x00007ffba9469000 	C:\WINDOWS\System32\cfgmgr32.dll
0x00000000610a0000 - 0x00000000610af000 	C:\Program Files\Java\jre1.8.0_171\bin\verify.dll
0x0000000061070000 - 0x0000000061099000 	C:\Program Files\Java\jre1.8.0_171\bin\java.dll
0x0000000061050000 - 0x0000000061066000 	C:\Program Files\Java\jre1.8.0_171\bin\zip.dll
0x00007ffba9cb0000 - 0x00007ffbab0f0000 	C:\WINDOWS\System32\SHELL32.dll
0x00007ffbab150000 - 0x00007ffbab1f9000 	C:\WINDOWS\System32\shcore.dll
0x00007ffba9470000 - 0x00007ffba9b7d000 	C:\WINDOWS\System32\windows.storage.dll
0x00007ffbaba30000 - 0x00007ffbaba81000 	C:\WINDOWS\System32\shlwapi.dll
0x00007ffba8b00000 - 0x00007ffba8b11000 	C:\WINDOWS\System32\kernel.appcore.dll
0x00007ffba8a70000 - 0x00007ffba8a8f000 	C:\WINDOWS\System32\profapi.dll
0x00007ffba8a90000 - 0x00007ffba8adc000 	C:\WINDOWS\System32\powrprof.dll
0x00007ffba8a60000 - 0x00007ffba8a6a000 	C:\WINDOWS\System32\FLTLIB.DLL
0x00000000600f0000 - 0x0000000060288000 	C:\Program Files\Java\jre1.8.0_171\bin\awt.dll
0x00007ffbab430000 - 0x00007ffbab4f2000 	C:\WINDOWS\System32\OLEAUT32.dll
0x00007ffba72e0000 - 0x00007ffba736b000 	C:\WINDOWS\SYSTEM32\apphelp.dll
0x00007ffba7470000 - 0x00007ffba7508000 	C:\WINDOWS\system32\uxtheme.dll
0x00007ffbab780000 - 0x00007ffbab8f5000 	C:\WINDOWS\System32\MSCTF.dll
0x00007ffba7540000 - 0x00007ffba7569000 	C:\WINDOWS\system32\dwmapi.dll
0x00007ffbab210000 - 0x00007ffbab361000 	C:\WINDOWS\System32\ole32.dll
0x0000000001600000 - 0x0000000001603000 	C:\Program Files\Java\jre1.8.0_171\bin\api-ms-win-core-console-l1-1-0.dll
0x0000000002fc0000 - 0x0000000002fc3000 	C:\Program Files\Java\jre1.8.0_171\bin\api-ms-win-core-datetime-l1-1-0.dll
0x0000000002fd0000 - 0x0000000002fd3000 	C:\Program Files\Java\jre1.8.0_171\bin\api-ms-win-core-debug-l1-1-0.dll
0x0000000002fe0000 - 0x0000000002fe3000 	C:\Program Files\Java\jre1.8.0_171\bin\api-ms-win-core-errorhandling-l1-1-0.dll
0x0000000002ff0000 - 0x0000000002ff4000 	C:\Program Files\Java\jre1.8.0_171\bin\api-ms-win-core-file-l1-1-0.dll
0x0000000003000000 - 0x0000000003003000 	C:\Program Files\Java\jre1.8.0_171\bin\api-ms-win-core-file-l1-2-0.dll
0x0000000003010000 - 0x0000000003013000 	C:\Program Files\Java\jre1.8.0_171\bin\api-ms-win-core-file-l2-1-0.dll
0x0000000003030000 - 0x0000000003033000 	C:\Program Files\Java\jre1.8.0_171\bin\api-ms-win-core-handle-l1-1-0.dll
0x0000000003040000 - 0x0000000003043000 	C:\Program Files\Java\jre1.8.0_171\bin\api-ms-win-core-heap-l1-1-0.dll
0x0000000003050000 - 0x0000000003053000 	C:\Program Files\Java\jre1.8.0_171\bin\api-ms-win-core-interlocked-l1-1-0.dll
0x000000001a950000 - 0x000000001a953000 	C:\Program Files\Java\jre1.8.0_171\bin\api-ms-win-core-libraryloader-l1-1-0.dll
0x000000001a960000 - 0x000000001a963000 	C:\Program Files\Java\jre1.8.0_171\bin\api-ms-win-core-localization-l1-2-0.dll
0x000000001a970000 - 0x000000001a973000 	C:\Program Files\Java\jre1.8.0_171\bin\api-ms-win-core-memory-l1-1-0.dll
0x000000001a980000 - 0x000000001a983000 	C:\Program Files\Java\jre1.8.0_171\bin\api-ms-win-core-namedpipe-l1-1-0.dll
0x000000001a990000 - 0x000000001a993000 	C:\Program Files\Java\jre1.8.0_171\bin\api-ms-win-core-processenvironment-l1-1-0.dll
0x000000001a9a0000 - 0x000000001a9a3000 	C:\Program Files\Java\jre1.8.0_171\bin\api-ms-win-core-processthreads-l1-1-0.dll
0x000000001a9b0000 - 0x000000001a9b3000 	C:\Program Files\Java\jre1.8.0_171\bin\api-ms-win-core-processthreads-l1-1-1.dll
0x000000001a9c0000 - 0x000000001a9c3000 	C:\Program Files\Java\jre1.8.0_171\bin\api-ms-win-core-profile-l1-1-0.dll
0x000000001a9d0000 - 0x000000001a9d3000 	C:\Program Files\Java\jre1.8.0_171\bin\api-ms-win-core-rtlsupport-l1-1-0.dll
0x000000001a9e0000 - 0x000000001a9e3000 	C:\Program Files\Java\jre1.8.0_171\bin\api-ms-win-core-string-l1-1-0.dll
0x000000001aa00000 - 0x000000001aa03000 	C:\Program Files\Java\jre1.8.0_171\bin\api-ms-win-core-synch-l1-1-0.dll
0x000000001aa10000 - 0x000000001aa13000 	C:\Program Files\Java\jre1.8.0_171\bin\api-ms-win-core-synch-l1-2-0.dll
0x000000001aa20000 - 0x000000001aa23000 	C:\Program Files\Java\jre1.8.0_171\bin\api-ms-win-core-sysinfo-l1-1-0.dll
0x000000001aa30000 - 0x000000001aa33000 	C:\Program Files\Java\jre1.8.0_171\bin\api-ms-win-core-timezone-l1-1-0.dll
0x000000001aa40000 - 0x000000001aa43000 	C:\Program Files\Java\jre1.8.0_171\bin\api-ms-win-core-util-l1-1-0.dll
0x000000001aa50000 - 0x000000001aa53000 	C:\Program Files\Java\jre1.8.0_171\bin\api-ms-win-crt-conio-l1-1-0.dll
0x000000001aa60000 - 0x000000001aa64000 	C:\Program Files\Java\jre1.8.0_171\bin\api-ms-win-crt-convert-l1-1-0.dll
0x000000001aa70000 - 0x000000001aa73000 	C:\Program Files\Java\jre1.8.0_171\bin\api-ms-win-crt-environment-l1-1-0.dll
0x000000001aa80000 - 0x000000001aa83000 	C:\Program Files\Java\jre1.8.0_171\bin\api-ms-win-crt-filesystem-l1-1-0.dll
0x000000001aa90000 - 0x000000001aa93000 	C:\Program Files\Java\jre1.8.0_171\bin\api-ms-win-crt-heap-l1-1-0.dll
0x000000001aaa0000 - 0x000000001aaa3000 	C:\Program Files\Java\jre1.8.0_171\bin\api-ms-win-crt-locale-l1-1-0.dll
0x000000001aab0000 - 0x000000001aab5000 	C:\Program Files\Java\jre1.8.0_171\bin\api-ms-win-crt-math-l1-1-0.dll
0x000000001aac0000 - 0x000000001aac5000 	C:\Program Files\Java\jre1.8.0_171\bin\api-ms-win-crt-multibyte-l1-1-0.dll
0x000000001aad0000 - 0x000000001aae0000 	C:\Program Files\Java\jre1.8.0_171\bin\api-ms-win-crt-private-l1-1-0.dll
0x000000001aae0000 - 0x000000001aae3000 	C:\Program Files\Java\jre1.8.0_171\bin\api-ms-win-crt-process-l1-1-0.dll
0x000000001aaf0000 - 0x000000001aaf4000 	C:\Program Files\Java\jre1.8.0_171\bin\api-ms-win-crt-runtime-l1-1-0.dll
0x000000001ab00000 - 0x000000001ab04000 	C:\Program Files\Java\jre1.8.0_171\bin\api-ms-win-crt-stdio-l1-1-0.dll
0x000000001ab10000 - 0x000000001ab14000 	C:\Program Files\Java\jre1.8.0_171\bin\api-ms-win-crt-string-l1-1-0.dll
0x000000001ab20000 - 0x000000001ab23000 	C:\Program Files\Java\jre1.8.0_171\bin\api-ms-win-crt-time-l1-1-0.dll
0x000000001ab30000 - 0x000000001ab33000 	C:\Program Files\Java\jre1.8.0_171\bin\api-ms-win-crt-utility-l1-1-0.dll
0x00007ffb78360000 - 0x00007ffb78456000 	C:\Program Files\Java\jre1.8.0_171\bin\ucrtbase.dll
0x00007ffb8ff10000 - 0x00007ffb8ff61000 	C:\Program Files\Java\jre1.8.0_171\bin\concrt140.dll
0x00007ffb79780000 - 0x00007ffb7981c000 	C:\Program Files\Java\jre1.8.0_171\bin\MSVCP140.dll
0x00007ffb900b0000 - 0x00007ffb900c6000 	C:\Program Files\Java\jre1.8.0_171\bin\VCRUNTIME140.dll
0x00000000603a0000 - 0x00000000603c3000 	C:\Program Files\Java\jre1.8.0_171\bin\prism_d3d.dll
0x00007ffb9c5d0000 - 0x00007ffb9c767000 	C:\WINDOWS\system32\d3d9.dll
0x00007ffba2b10000 - 0x00007ffba2bfb000 	C:\WINDOWS\System32\DriverStore\FileRepository\nv_dispi.inf_amd64_5601d21ccd639df9\nvldumdx.dll
0x00007ffba8e10000 - 0x00007ffba8ff2000 	C:\WINDOWS\System32\crypt32.dll
0x00007ffba8ae0000 - 0x00007ffba8af2000 	C:\WINDOWS\System32\MSASN1.dll
0x00007ffba9b80000 - 0x00007ffba9bd7000 	C:\WINDOWS\System32\WINTRUST.DLL
0x00007ffbab570000 - 0x00007ffbab58d000 	C:\WINDOWS\System32\imagehlp.dll
0x00007ffba8490000 - 0x00007ffba84a7000 	C:\WINDOWS\SYSTEM32\CRYPTSP.dll
0x00007ffba7ec0000 - 0x00007ffba7ef3000 	C:\WINDOWS\system32\rsaenh.dll
0x00007ffba85c0000 - 0x00007ffba85e5000 	C:\WINDOWS\SYSTEM32\bcrypt.dll
0x00007ffba84b0000 - 0x00007ffba84bb000 	C:\WINDOWS\SYSTEM32\CRYPTBASE.dll
0x00007ffb7a4f0000 - 0x00007ffb7b6fa000 	C:\WINDOWS\System32\DriverStore\FileRepository\nv_dispi.inf_amd64_5601d21ccd639df9\nvd3dumx.dll
0x00007ffb9bda0000 - 0x00007ffb9bff9000 	C:\WINDOWS\system32\nvspcap64.dll
0x00007ffba7b50000 - 0x00007ffba7b81000 	C:\WINDOWS\SYSTEM32\ntmarta.dll
0x0000000060350000 - 0x0000000060399000 	C:\Program Files\Java\jre1.8.0_171\bin\glass.dll
0x00007ffbabc30000 - 0x00007ffbabd1d000 	C:\WINDOWS\System32\COMDLG32.dll
0x00007ffb9c9d0000 - 0x00007ffb9cabb000 	C:\Program Files (x86)\NVIDIA Corporation\3D Vision\nvSCPAPI64.dll
0x00007ffbabd50000 - 0x00007ffbac19b000 	C:\WINDOWS\System32\SETUPAPI.dll
0x00007ffba8960000 - 0x00007ffba8988000 	C:\WINDOWS\SYSTEM32\USERENV.dll
0x0000000061030000 - 0x000000006104a000 	C:\Program Files\Java\jre1.8.0_171\bin\net.dll
0x00007ffba82e0000 - 0x00007ffba8346000 	C:\WINDOWS\system32\mswsock.dll
0x00007ffba8060000 - 0x00007ffba8098000 	C:\WINDOWS\SYSTEM32\IPHLPAPI.DLL
0x00007ffbab200000 - 0x00007ffbab208000 	C:\WINDOWS\System32\NSI.dll
0x00007ffba4a10000 - 0x00007ffba4a26000 	C:\WINDOWS\SYSTEM32\dhcpcsvc6.DLL
0x00007ffba4970000 - 0x00007ffba498a000 	C:\WINDOWS\SYSTEM32\dhcpcsvc.DLL
0x0000000061010000 - 0x0000000061021000 	C:\Program Files\Java\jre1.8.0_171\bin\nio.dll
0x000000005fc60000 - 0x000000005fca7000 	C:\Program Files\Java\jre1.8.0_171\bin\fontmanager.dll
0x00007ffb79bb0000 - 0x00007ffb79cd0000 	C:\WINDOWS\system32\opengl32.dll
0x00007ffb90170000 - 0x00007ffb9019c000 	C:\WINDOWS\SYSTEM32\GLU32.dll
0x000000005fbe0000 - 0x000000005fc22000 	C:\Program Files\Java\jre1.8.0_171\bin\t2k.dll
0x00007ffba0bc0000 - 0x00007ffba0c58000 	C:\WINDOWS\System32\TextInputFramework.dll
0x00007ffba3b70000 - 0x00007ffba3e8e000 	C:\WINDOWS\System32\CoreUIComponents.dll
0x00007ffba70e0000 - 0x00007ffba71ba000 	C:\WINDOWS\System32\CoreMessaging.dll
0x00007ffba4190000 - 0x00007ffba42dd000 	C:\WINDOWS\SYSTEM32\wintypes.dll
0x000000005fd80000 - 0x000000005fdf4000 	C:\Program Files\Java\jre1.8.0_171\bin\glib-lite.dll
0x000000005fce0000 - 0x000000005fd7c000 	C:\Program Files\Java\jre1.8.0_171\bin\gstreamer-lite.dll
0x00007ffb81150000 - 0x00007ffb811df000 	C:\WINDOWS\SYSTEM32\DSOUND.dll
0x000000005fcb0000 - 0x000000005fcd6000 	C:\Program Files\Java\jre1.8.0_171\bin\jfxmedia.dll

VM Arguments:
jvm_args: -Dfile.encoding=Cp1252 
java_command: runner
java_class_path (initial): C:\Program Files\Java\jre1.8.0_171\lib\resources.jar;C:\Program Files\Java\jre1.8.0_171\lib\rt.jar;C:\Program Files\Java\jre1.8.0_171\lib\jsse.jar;C:\Program Files\Java\jre1.8.0_171\lib\jce.jar;C:\Program Files\Java\jre1.8.0_171\lib\charsets.jar;C:\Program Files\Java\jre1.8.0_171\lib\jfr.jar;C:\Program Files\Java\jre1.8.0_171\lib\ext\access-bridge-64.jar;C:\Program Files\Java\jre1.8.0_171\lib\ext\cldrdata.jar;C:\Program Files\Java\jre1.8.0_171\lib\ext\dnsns.jar;C:\Program Files\Java\jre1.8.0_171\lib\ext\jaccess.jar;C:\Program Files\Java\jre1.8.0_171\lib\ext\jfxrt.jar;C:\Program Files\Java\jre1.8.0_171\lib\ext\localedata.jar;C:\Program Files\Java\jre1.8.0_171\lib\ext\nashorn.jar;C:\Program Files\Java\jre1.8.0_171\lib\ext\sunec.jar;C:\Program Files\Java\jre1.8.0_171\lib\ext\sunjce_provider.jar;C:\Program Files\Java\jre1.8.0_171\lib\ext\sunmscapi.jar;C:\Program Files\Java\jre1.8.0_171\lib\ext\sunpkcs11.jar;C:\Program Files\Java\jre1.8.0_171\lib\ext\zipfs.jar;C:\Users\Rayden\GridMania\GridMania\bin
Launcher Type: SUN_STANDARD

Environment Variables:
PATH=C:/Program Files/Java/jre1.8.0_171/bin/server;C:/Program Files/Java/jre1.8.0_171/bin;C:/Program Files/Java/jre1.8.0_171/lib/amd64;C:\Program Files\ImageMagick-7.0.7-Q16;C:\Program Files (x86)\Common Files\Oracle\Java\javapath;C:\ProgramData\Oracle\Java\javapath;C:\WINDOWS\system32;C:\WINDOWS;C:\WINDOWS\System32\Wbem;C:\WINDOWS\System32\WindowsPowerShell\v1.0\;C:\Program Files (x86)\NVIDIA Corporation\PhysX\Common;C:\WINDOWS\system32;C:\WINDOWS;C:\WINDOWS\System32\Wbem;C:\WINDOWS\System32\WindowsPowerShell\v1.0\;C:\Program Files (x86)\QuickTime\QTSystem\;C:\Program Files (x86)\Windows Kits\8.1\Windows Performance Toolkit\;C:\WINDOWS\System32\OpenSSH\;C:\Program Files\Git\cmd;C:\Users\Rayden\AppData\Local\Microsoft\WindowsApps;C:\Users\Rayden\AppData\Local\GitHubDesktop\bin;%USERPROFILE%\AppData\Local\Microsoft\WindowsApps;;C:\Users\Rayden\Desktop;
USERNAME=Rayden
OS=Windows_NT
PROCESSOR_IDENTIFIER=Intel64 Family 6 Model 60 Stepping 3, GenuineIntel



---------------  S Y S T E M  ---------------

OS: Windows 10.0 , 64 bit Build 17134 (10.0.17134.1)

CPU:total 4 (initial active 4) (4 cores per cpu, 1 threads per core) family 6 model 60 stepping 3, cmov, cx8, fxsr, mmx, sse, sse2, sse3, ssse3, sse4.1, sse4.2, popcnt, avx, avx2, aes, clmul, erms, lzcnt, tsc, tscinvbit, bmi1, bmi2

Memory: 4k page, physical 8314884k(1542908k free), swap 33480708k(4292k free)

vm_info: Java HotSpot(TM) 64-Bit Server VM (25.171-b11) for windows-amd64 JRE (1.8.0_171-b11), built on Mar 28 2018 16:06:12 by "java_re" with MS VC++ 10.0 (VS2010)

time: Thu Jun 07 19:32:47 2018
elapsed time: 19 seconds (0d 0h 0m 19s)

